<?xml version="1.0" encoding="UTF-8"?>
<!-- Generated by org.testng.reporters.JUnitXMLReporter -->
<testsuite hostname="ADMINRG-UOQQAH4" name="Command line test" tests="5" failures="0" timestamp="26 Jan 2020 15:42:46 GMT" time="62.212" errors="0">
  <testcase name="testLostPswdRegMail" time="5.093" classname="com.apex.prac.testing.LoginTest"/>
  <testcase name="testLostPswdNtRegMail" time="4.917" classname="com.apex.prac.testing.LoginTest"/>
  <testcase name="testInvalidUserNames" time="13.51" classname="com.apex.prac.testing.LoginTest"/>
  <testcase name="testValidUserNames" time="8.945" classname="com.apex.prac.testing.LoginTest"/>
  <testcase name="testBlankFields" time="8.828" classname="com.apex.prac.testing.LoginTest"/>
</testsuite> <!-- Command line test -->
