<?xml version="1.0" encoding="UTF-8"?>
<testng-results skipped="0" failed="0" total="5" passed="5">
  <reporter-output>
  </reporter-output>
  <suite name="Default suite" duration-ms="67512" started-at="2020-01-26T04:12:01Z" finished-at="2020-01-26T04:13:08Z">
    <groups>
    </groups>
    <test name="Default test" duration-ms="67512" started-at="2020-01-26T04:12:01Z" finished-at="2020-01-26T04:13:08Z">
      <class name="com.apex.prac.testing.LoginTest">
        <test-method status="PASS" signature="setup()[pri:0, instance:com.apex.prac.testing.LoginTest@59f99ea]" name="setup" is-config="true" duration-ms="7695" started-at="2020-01-25T22:12:01Z" finished-at="2020-01-25T22:12:08Z">
          <reporter-output>
          </reporter-output>
        </test-method> <!-- setup -->
        <test-method status="PASS" signature="testLostPswdRegMail()[pri:0, instance:com.apex.prac.testing.LoginTest@59f99ea]" name="testLostPswdRegMail" duration-ms="5366" started-at="2020-01-25T22:12:08Z" finished-at="2020-01-25T22:12:14Z">
          <reporter-output>
          </reporter-output>
        </test-method> <!-- testLostPswdRegMail -->
        <test-method status="PASS" signature="cleanup()[pri:0, instance:com.apex.prac.testing.LoginTest@59f99ea]" name="cleanup" is-config="true" duration-ms="1034" started-at="2020-01-25T22:12:14Z" finished-at="2020-01-25T22:12:15Z">
          <reporter-output>
          </reporter-output>
        </test-method> <!-- cleanup -->
        <test-method status="PASS" signature="setup()[pri:0, instance:com.apex.prac.testing.LoginTest@59f99ea]" name="setup" is-config="true" duration-ms="3614" started-at="2020-01-25T22:12:15Z" finished-at="2020-01-25T22:12:18Z">
          <reporter-output>
          </reporter-output>
        </test-method> <!-- setup -->
        <test-method status="PASS" signature="testLostPswdNtRegMail()[pri:1, instance:com.apex.prac.testing.LoginTest@59f99ea]" name="testLostPswdNtRegMail" duration-ms="4995" started-at="2020-01-25T22:12:18Z" finished-at="2020-01-25T22:12:23Z">
          <reporter-output>
          </reporter-output>
        </test-method> <!-- testLostPswdNtRegMail -->
        <test-method status="PASS" signature="cleanup()[pri:0, instance:com.apex.prac.testing.LoginTest@59f99ea]" name="cleanup" is-config="true" duration-ms="91" started-at="2020-01-25T22:12:23Z" finished-at="2020-01-25T22:12:23Z">
          <reporter-output>
          </reporter-output>
        </test-method> <!-- cleanup -->
        <test-method status="PASS" signature="setup()[pri:0, instance:com.apex.prac.testing.LoginTest@59f99ea]" name="setup" is-config="true" duration-ms="4070" started-at="2020-01-25T22:12:23Z" finished-at="2020-01-25T22:12:27Z">
          <reporter-output>
          </reporter-output>
        </test-method> <!-- setup -->
        <test-method status="PASS" signature="testInvalidUserNames()[pri:2, instance:com.apex.prac.testing.LoginTest@59f99ea]" name="testInvalidUserNames" duration-ms="14645" started-at="2020-01-25T22:12:27Z" finished-at="2020-01-25T22:12:42Z">
          <reporter-output>
          </reporter-output>
        </test-method> <!-- testInvalidUserNames -->
        <test-method status="PASS" signature="cleanup()[pri:0, instance:com.apex.prac.testing.LoginTest@59f99ea]" name="cleanup" is-config="true" duration-ms="92" started-at="2020-01-25T22:12:42Z" finished-at="2020-01-25T22:12:42Z">
          <reporter-output>
          </reporter-output>
        </test-method> <!-- cleanup -->
        <test-method status="PASS" signature="setup()[pri:0, instance:com.apex.prac.testing.LoginTest@59f99ea]" name="setup" is-config="true" duration-ms="3187" started-at="2020-01-25T22:12:42Z" finished-at="2020-01-25T22:12:45Z">
          <reporter-output>
          </reporter-output>
        </test-method> <!-- setup -->
        <test-method status="PASS" signature="testValidUserNames()[pri:3, instance:com.apex.prac.testing.LoginTest@59f99ea]" name="testValidUserNames" duration-ms="9092" started-at="2020-01-25T22:12:45Z" finished-at="2020-01-25T22:12:54Z">
          <reporter-output>
          </reporter-output>
        </test-method> <!-- testValidUserNames -->
        <test-method status="PASS" signature="cleanup()[pri:0, instance:com.apex.prac.testing.LoginTest@59f99ea]" name="cleanup" is-config="true" duration-ms="591" started-at="2020-01-25T22:12:54Z" finished-at="2020-01-25T22:12:55Z">
          <reporter-output>
          </reporter-output>
        </test-method> <!-- cleanup -->
        <test-method status="PASS" signature="setup()[pri:0, instance:com.apex.prac.testing.LoginTest@59f99ea]" name="setup" is-config="true" duration-ms="4158" started-at="2020-01-25T22:12:55Z" finished-at="2020-01-25T22:12:59Z">
          <reporter-output>
          </reporter-output>
        </test-method> <!-- setup -->
        <test-method status="PASS" signature="testBlankFields()[pri:4, instance:com.apex.prac.testing.LoginTest@59f99ea]" name="testBlankFields" duration-ms="8731" started-at="2020-01-25T22:12:59Z" finished-at="2020-01-25T22:13:08Z">
          <reporter-output>
          </reporter-output>
        </test-method> <!-- testBlankFields -->
        <test-method status="PASS" signature="cleanup()[pri:0, instance:com.apex.prac.testing.LoginTest@59f99ea]" name="cleanup" is-config="true" duration-ms="93" started-at="2020-01-25T22:13:08Z" finished-at="2020-01-25T22:13:08Z">
          <reporter-output>
          </reporter-output>
        </test-method> <!-- cleanup -->
      </class> <!-- com.apex.prac.testing.LoginTest -->
    </test> <!-- Default test -->
  </suite> <!-- Default suite -->
</testng-results>
