<?xml version="1.0" encoding="UTF-8"?>
<!-- Generated by org.testng.reporters.JUnitXMLReporter -->
<testsuite hostname="ADMINRG-UOQQAH4" name="Default test" tests="5" failures="0" timestamp="26 Jan 2020 04:13:08 GMT" time="67.512" errors="0">
  <testcase name="testLostPswdRegMail" time="5.366" classname="com.apex.prac.testing.LoginTest"/>
  <testcase name="testLostPswdNtRegMail" time="4.995" classname="com.apex.prac.testing.LoginTest"/>
  <testcase name="testInvalidUserNames" time="14.645" classname="com.apex.prac.testing.LoginTest"/>
  <testcase name="testValidUserNames" time="9.092" classname="com.apex.prac.testing.LoginTest"/>
  <testcase name="testBlankFields" time="8.731" classname="com.apex.prac.testing.LoginTest"/>
</testsuite> <!-- Default test -->
